c:\users\thele\documents\repos\quake2outlines\quake2max\client_side\debug\vc141.pdb
c:\users\thele\documents\repos\quake2outlines\quake2max\client_side\debug\vc141.idb
c:\users\thele\documents\repos\quake2outlines\quake2max\client_side\debug\cl_cvar.obj
c:\users\thele\documents\repos\quake2outlines\quake2max\client_side\debug\cl_ents.obj
c:\users\thele\documents\repos\quake2outlines\quake2max\client_side\debug\cl_ents_cl.obj
c:\users\thele\documents\repos\quake2outlines\quake2max\client_side\debug\cl_ents_sv.obj
c:\users\thele\documents\repos\quake2outlines\quake2max\client_side\debug\cl_hud.obj
c:\users\thele\documents\repos\quake2outlines\quake2max\client_side\debug\cl_menu.obj
c:\users\thele\documents\repos\quake2outlines\quake2max\client_side\debug\cl_particles.obj
c:\users\thele\documents\repos\quake2outlines\quake2max\client_side\debug\cl_tempevt.obj
c:\users\thele\documents\repos\quake2outlines\quake2max\client_side\debug\main.obj
c:\users\thele\documents\repos\quake2outlines\quake2max\client_side\debug\clientx86.lib
c:\users\thele\documents\repos\quake2outlines\quake2max\client_side\debug\clientx86.exp
c:\users\thele\documents\repos\quake2outlines\quake2max\client_side\.\debug\vcpkg.applocal.log
c:\users\thele\documents\repos\quake2outlines\build\quake2\baseq2\clientx86.ilk
c:\users\thele\documents\repos\quake2outlines\build\quake2\baseq2\clientx86.dll
c:\users\thele\documents\repos\quake2outlines\quake2max\client_side\debug\clientx86.pdb
c:\users\thele\documents\repos\quake2outlines\quake2max\client_side\debug\client_side.tlog\cl.command.1.tlog
c:\users\thele\documents\repos\quake2outlines\quake2max\client_side\debug\client_side.tlog\cl.read.1.tlog
c:\users\thele\documents\repos\quake2outlines\quake2max\client_side\debug\client_side.tlog\cl.write.1.tlog
c:\users\thele\documents\repos\quake2outlines\quake2max\client_side\debug\client_side.tlog\client_side.write.1u.tlog
c:\users\thele\documents\repos\quake2outlines\quake2max\client_side\debug\client_side.tlog\link.command.1.tlog
c:\users\thele\documents\repos\quake2outlines\quake2max\client_side\debug\client_side.tlog\link.read.1.tlog
c:\users\thele\documents\repos\quake2outlines\quake2max\client_side\debug\client_side.tlog\link.write.1.tlog
