c:\users\thele\documents\repos\quake2outlines\quake2max\debugaxp\vc141.pdb
c:\users\thele\documents\repos\quake2outlines\quake2max\debugaxp\x86.obj
c:\users\thele\documents\repos\quake2outlines\quake2max\debugaxp\snd_mix.obj
c:\users\thele\documents\repos\quake2outlines\quake2max\debugaxp\snd_mem.obj
c:\users\thele\documents\repos\quake2outlines\quake2max\debugaxp\snd_dma.obj
c:\users\thele\documents\repos\quake2outlines\quake2max\debugaxp\qmenu.obj
c:\users\thele\documents\repos\quake2outlines\quake2max\debugaxp\menu.obj
c:\users\thele\documents\repos\quake2outlines\quake2max\debugaxp\keys.obj
c:\users\thele\documents\repos\quake2outlines\quake2max\debugaxp\console.obj
c:\users\thele\documents\repos\quake2outlines\quake2max\debugaxp\cl_view.obj
c:\users\thele\documents\repos\quake2outlines\quake2max\debugaxp\cl_tent.obj
c:\users\thele\documents\repos\quake2outlines\quake2max\debugaxp\cl_scrn.obj
c:\users\thele\documents\repos\quake2outlines\quake2max\debugaxp\cl_pred.obj
c:\users\thele\documents\repos\quake2outlines\quake2max\debugaxp\cl_parse.obj
c:\users\thele\documents\repos\quake2outlines\quake2max\debugaxp\cl_newfx.obj
c:\users\thele\documents\repos\quake2outlines\quake2max\debugaxp\cl_main.obj
c:\users\thele\documents\repos\quake2outlines\quake2max\debugaxp\cl_inv.obj
c:\users\thele\documents\repos\quake2outlines\quake2max\debugaxp\cl_input.obj
c:\users\thele\documents\repos\quake2outlines\quake2max\debugaxp\cl_fx.obj
c:\users\thele\documents\repos\quake2outlines\quake2max\debugaxp\cl_ents.obj
c:\users\thele\documents\repos\quake2outlines\quake2max\debugaxp\cl_cin.obj
c:\users\thele\documents\repos\quake2outlines\quake2max\debugaxp\cd_win.obj
c:\users\thele\documents\repos\quake2outlines\quake2max\debugaxp\sv_world.obj
c:\users\thele\documents\repos\quake2outlines\quake2max\debugaxp\sv_user.obj
c:\users\thele\documents\repos\quake2outlines\quake2max\debugaxp\sv_send.obj
c:\users\thele\documents\repos\quake2outlines\quake2max\debugaxp\sv_main.obj
c:\users\thele\documents\repos\quake2outlines\quake2max\debugaxp\sv_init.obj
c:\users\thele\documents\repos\quake2outlines\quake2max\debugaxp\sv_game.obj
c:\users\thele\documents\repos\quake2outlines\quake2max\debugaxp\sv_ents.obj
c:\users\thele\documents\repos\quake2outlines\quake2max\debugaxp\sv_ccmds.obj
c:\users\thele\documents\repos\quake2outlines\quake2max\debugaxp\pmove.obj
c:\users\thele\documents\repos\quake2outlines\quake2max\debugaxp\net_chan.obj
c:\users\thele\documents\repos\quake2outlines\quake2max\debugaxp\md4.obj
c:\users\thele\documents\repos\quake2outlines\quake2max\debugaxp\files.obj
c:\users\thele\documents\repos\quake2outlines\quake2max\debugaxp\cvar.obj
c:\users\thele\documents\repos\quake2outlines\quake2max\debugaxp\crc.obj
c:\users\thele\documents\repos\quake2outlines\quake2max\debugaxp\common.obj
c:\users\thele\documents\repos\quake2outlines\quake2max\debugaxp\cmodel.obj
c:\users\thele\documents\repos\quake2outlines\quake2max\debugaxp\cmd.obj
c:\users\thele\documents\repos\quake2outlines\quake2max\debugaxp\q_shared.obj
c:\users\thele\documents\repos\quake2outlines\quake2max\debugaxp\m_flash.obj
c:\users\thele\documents\repos\quake2outlines\quake2max\debugaxp\vid_menu.obj
c:\users\thele\documents\repos\quake2outlines\quake2max\debugaxp\vid_dll.obj
c:\users\thele\documents\repos\quake2outlines\quake2max\debugaxp\sys_win.obj
c:\users\thele\documents\repos\quake2outlines\quake2max\debugaxp\snd_win.obj
c:\users\thele\documents\repos\quake2outlines\quake2max\debugaxp\q_shwin.obj
c:\users\thele\documents\repos\quake2outlines\quake2max\debugaxp\net_wins.obj
c:\users\thele\documents\repos\quake2outlines\quake2max\debugaxp\in_win.obj
c:\users\thele\documents\repos\quake2outlines\quake2max\debugaxp\conproc.obj
c:\users\thele\documents\repos\quake2outlines\build\quake2\quake2.ilk
c:\users\thele\documents\repos\quake2outlines\build\quake2\quake2.exe
c:\users\thele\documents\repos\quake2outlines\quake2max\debugaxp\quake2.pdb
c:\users\thele\documents\repos\quake2outlines\quake2max\.\debugaxp\vcpkg.applocal.log
c:\users\thele\documents\repos\quake2outlines\quake2max\debugaxp\q2.res
c:\users\thele\documents\repos\quake2outlines\quake2max\debugaxp\quake2.tlog\cl.command.1.tlog
c:\users\thele\documents\repos\quake2outlines\quake2max\debugaxp\quake2.tlog\cl.read.1.tlog
c:\users\thele\documents\repos\quake2outlines\quake2max\debugaxp\quake2.tlog\cl.write.1.tlog
c:\users\thele\documents\repos\quake2outlines\quake2max\debugaxp\quake2.tlog\link.command.1.tlog
c:\users\thele\documents\repos\quake2outlines\quake2max\debugaxp\quake2.tlog\link.read.1.tlog
c:\users\thele\documents\repos\quake2outlines\quake2max\debugaxp\quake2.tlog\link.write.1.tlog
c:\users\thele\documents\repos\quake2outlines\quake2max\debugaxp\quake2.tlog\quake2.write.1u.tlog
c:\users\thele\documents\repos\quake2outlines\quake2max\debugaxp\quake2.tlog\rc.command.1.tlog
c:\users\thele\documents\repos\quake2outlines\quake2max\debugaxp\quake2.tlog\rc.read.1.tlog
c:\users\thele\documents\repos\quake2outlines\quake2max\debugaxp\quake2.tlog\rc.write.1.tlog
