c:\users\thele\documents\repos\quake2outlines\quake2max\ref_gl\debugaxp\vc141.pdb
c:\users\thele\documents\repos\quake2outlines\quake2max\ref_gl\debugaxp\sul_png.obj
c:\users\thele\documents\repos\quake2outlines\quake2max\ref_gl\debugaxp\r_bloom.obj
c:\users\thele\documents\repos\quake2outlines\quake2max\ref_gl\debugaxp\gl_warp.obj
c:\users\thele\documents\repos\quake2outlines\quake2max\ref_gl\debugaxp\gl_vlights.obj
c:\users\thele\documents\repos\quake2outlines\quake2max\ref_gl\debugaxp\gl_script.obj
c:\users\thele\documents\repos\quake2outlines\quake2max\ref_gl\debugaxp\gl_rsurf.obj
c:\users\thele\documents\repos\quake2outlines\quake2max\ref_gl\debugaxp\gl_rmisc.obj
c:\users\thele\documents\repos\quake2outlines\quake2max\ref_gl\debugaxp\gl_rmain.obj
c:\users\thele\documents\repos\quake2outlines\quake2max\ref_gl\debugaxp\gl_model.obj
c:\users\thele\documents\repos\quake2outlines\quake2max\ref_gl\debugaxp\gl_mesh.obj
c:\users\thele\documents\repos\quake2outlines\quake2max\ref_gl\debugaxp\gl_light.obj
c:\users\thele\documents\repos\quake2outlines\quake2max\ref_gl\debugaxp\gl_image.obj
c:\users\thele\documents\repos\quake2outlines\quake2max\ref_gl\debugaxp\gl_draw.obj
c:\users\thele\documents\repos\quake2outlines\quake2max\ref_gl\debugaxp\gl_cin.obj
c:\users\thele\documents\repos\quake2outlines\quake2max\ref_gl\debugaxp\q_shwin.obj
c:\users\thele\documents\repos\quake2outlines\quake2max\ref_gl\debugaxp\qgl_win.obj
c:\users\thele\documents\repos\quake2outlines\quake2max\ref_gl\debugaxp\glw_imp.obj
c:\users\thele\documents\repos\quake2outlines\quake2max\ref_gl\debugaxp\q_shared.obj
c:\users\thele\documents\repos\quake2outlines\build\quake2\rfx_gl.ilk
c:\users\thele\documents\repos\quake2outlines\build\quake2\rfx_gl.dll
c:\users\thele\documents\repos\quake2outlines\quake2max\debugaxp\ref_gl.pdb
c:\users\thele\documents\repos\quake2outlines\quake2max\debugaxp\ref_gl.lib
c:\users\thele\documents\repos\quake2outlines\quake2max\debugaxp\ref_gl.exp
c:\users\thele\documents\repos\quake2outlines\quake2max\ref_gl\.\debugaxp\vcpkg.applocal.log
c:\users\thele\documents\repos\quake2outlines\quake2max\ref_gl\debugaxp\ref_gl.tlog\cl.command.1.tlog
c:\users\thele\documents\repos\quake2outlines\quake2max\ref_gl\debugaxp\ref_gl.tlog\cl.read.1.tlog
c:\users\thele\documents\repos\quake2outlines\quake2max\ref_gl\debugaxp\ref_gl.tlog\cl.write.1.tlog
c:\users\thele\documents\repos\quake2outlines\quake2max\ref_gl\debugaxp\ref_gl.tlog\link.command.1.tlog
c:\users\thele\documents\repos\quake2outlines\quake2max\ref_gl\debugaxp\ref_gl.tlog\link.read.1.tlog
c:\users\thele\documents\repos\quake2outlines\quake2max\ref_gl\debugaxp\ref_gl.tlog\link.write.1.tlog
c:\users\thele\documents\repos\quake2outlines\quake2max\ref_gl\debugaxp\ref_gl.tlog\ref_gl.write.1u.tlog
