cl : Command line warning D9002: ignoring unknown option '/QA21164'
cl : Command line warning D9002: ignoring unknown option '/QAieee1'
  q_shared.c
  glw_imp.c
  qgl_win.c
  q_shwin.c
  gl_cin.c
  gl_draw.c
  gl_image.c
  gl_light.c
  gl_mesh.c
  gl_model.c
  gl_rmain.c
  gl_rmisc.c
  gl_rsurf.c
  gl_script.c
  gl_vlights.c
  gl_warp.c
  r_bloom.c
  sul_png.c
  Compiling...
  Generating Code...
C:\Program Files (x86)\Microsoft Visual Studio\2017\Community\Common7\IDE\VC\VCTargets\Microsoft.CppBuild.targets(1216,5): warning MSB8012: TargetPath(C:\Users\thele\Documents\repos\quake2outlines\Quake2maX\ref_gl\.\..\DebugAxp\ref_gl.dll) does not match the Linker's OutputFile property value (C:\Users\thele\Documents\repos\quake2outlines\build\quake2\rfx_gl.dll). This may cause your project to build incorrectly. To correct this, please make sure that $(OutDir), $(TargetName) and $(TargetExt) property values match the value specified in %(Link.OutputFile).
C:\Program Files (x86)\Microsoft Visual Studio\2017\Community\Common7\IDE\VC\VCTargets\Microsoft.CppBuild.targets(1218,5): warning MSB8012: TargetName(ref_gl) does not match the Linker's OutputFile property value (rfx_gl). This may cause your project to build incorrectly. To correct this, please make sure that $(OutDir), $(TargetName) and $(TargetExt) property values match the value specified in %(Link.OutputFile).
     Creating library .\..\DebugAxp/ref_gl.lib and object .\..\DebugAxp/ref_gl.exp
  ref_gl.vcxproj -> C:\Users\thele\Documents\repos\quake2outlines\Quake2maX\ref_gl\.\..\DebugAxp\ref_gl.dll
c:\users\thele\documents\repos\quake2outlines\quake2max\game\q_shared.c(760): warning C28251: Inconsistent annotation for 'sqrt': this instance has no annotations. See c:\program files (x86)\windows kits\10\include\10.0.10240.0\ucrt\math.h(473). 
c:\users\thele\documents\repos\quake2outlines\quake2max\game\q_shared.c(1287): warning C6387: 'src' could be '0':  this does not adhere to the specification for the function 'strncpy'. 
c:\users\thele\documents\repos\quake2outlines\quake2max\game\q_shared.c(1288): warning C6011: Dereferencing NULL pointer 'dst'. See line 1287 for an earlier location where this can occur
c:\users\thele\documents\repos\quake2outlines\quake2max\game\q_shared.c(1446): warning C6262: Function uses '65556' bytes of stack:  exceeds /analyze:stacksize '16384'.  Consider moving some data to heap.
c:\users\thele\documents\repos\quake2outlines\quake2max\win32\glw_imp.c(139): warning C6387: 'glw_state.hWnd' could be '0':  this does not adhere to the specification for the function 'UpdateWindow'. See line 138 for an earlier location where this can occur
c:\users\thele\documents\repos\quake2outlines\quake2max\win32\glw_imp.c(138): warning C6387: 'glw_state.hWnd' could be '0':  this does not adhere to the specification for the function 'ShowWindow'. 
c:\users\thele\documents\repos\quake2outlines\quake2max\win32\glw_imp.c(148): warning C6387: 'glw_state.hWnd' could be '0':  this does not adhere to the specification for the function 'SetForegroundWindow'. See line 138 for an earlier location where this can occur
c:\users\thele\documents\repos\quake2outlines\quake2max\win32\glw_imp.c(367): warning C28159: Consider using 'IsWindows*' instead of 'GetVersionExA'. Reason: Deprecated. Use VerifyVersionInfo* or IsWindows* macros from VersionHelpers.
c:\users\thele\documents\repos\quake2outlines\quake2max\win32\qgl_win.c(3041): warning C6031: Return value ignored: 'putenv'.
c:\users\thele\documents\repos\quake2outlines\quake2max\win32\qgl_win.c(3043): warning C6031: Return value ignored: 'putenv'.
c:\users\thele\documents\repos\quake2outlines\quake2max\win32\qgl_win.c(3440): warning C6031: Return value ignored: 'asctime'.
c:\users\thele\documents\repos\quake2outlines\quake2max\win32\q_shwin.c(137): warning C6031: Return value ignored: '_mkdir'.
c:\users\thele\documents\repos\quake2outlines\quake2max\ref_gl\gl_cin.c(147): warning C6387: 'cin->hnodes1' could be '0':  this does not adhere to the specification for the function 'memset'. 
c:\users\thele\documents\repos\quake2outlines\quake2max\ref_gl\gl_cin.c(168): warning C6011: Dereferencing NULL pointer 'node'. See line 147 for an earlier location where this can occur
c:\users\thele\documents\repos\quake2outlines\quake2max\ref_gl\gl_cin.c(231): warning C6011: Dereferencing NULL pointer 'out_p'. 
c:\users\thele\documents\repos\quake2outlines\quake2max\ref_gl\gl_cin.c(320): warning C6262: Function uses '131120' bytes of stack:  exceeds /analyze:stacksize '16384'.  Consider moving some data to heap.
c:\users\thele\documents\repos\quake2outlines\quake2max\ref_gl\gl_cin.c(355): warning C6386: Buffer overrun while writing to 'compressed':  the writable size is '131072' bytes, but '131073' bytes might be written.
c:\users\thele\documents\repos\quake2outlines\quake2max\ref_gl\gl_cin.c(388): warning C6011: Dereferencing NULL pointer 'cin'. 
c:\users\thele\documents\repos\quake2outlines\quake2max\ref_gl\gl_cin.c(398): warning C26451: Arithmetic overflow: Using operator '*' on a 4 byte value and then casting the result to a 8 byte value. Cast the value to the wider type before calling operator '*' to avoid overflow (io.2).
c:\users\thele\documents\repos\quake2outlines\quake2max\ref_gl\gl_draw.c(331): warning C26451: Arithmetic overflow: Using operator '*' on a 4 byte value and then casting the result to a 8 byte value. Cast the value to the wider type before calling operator '*' to avoid overflow (io.2).
c:\users\thele\documents\repos\quake2outlines\quake2max\ref_gl\gl_draw.c(468): warning C26451: Arithmetic overflow: Using operator '*' on a 4 byte value and then casting the result to a 8 byte value. Cast the value to the wider type before calling operator '*' to avoid overflow (io.2).
c:\users\thele\documents\repos\quake2outlines\quake2max\ref_gl\gl_draw.c(691): warning C26451: Arithmetic overflow: Using operator '+' on a 4 byte value and then casting the result to a 8 byte value. Cast the value to the wider type before calling operator '+' to avoid overflow (io.2).
c:\users\thele\documents\repos\quake2outlines\quake2max\ref_gl\gl_draw.c(693): warning C26451: Arithmetic overflow: Using operator '+' on a 4 byte value and then casting the result to a 8 byte value. Cast the value to the wider type before calling operator '+' to avoid overflow (io.2).
c:\users\thele\documents\repos\quake2outlines\quake2max\ref_gl\gl_draw.c(693): warning C26451: Arithmetic overflow: Using operator '+' on a 4 byte value and then casting the result to a 8 byte value. Cast the value to the wider type before calling operator '+' to avoid overflow (io.2).
c:\users\thele\documents\repos\quake2outlines\quake2max\ref_gl\gl_draw.c(695): warning C26451: Arithmetic overflow: Using operator '+' on a 4 byte value and then casting the result to a 8 byte value. Cast the value to the wider type before calling operator '+' to avoid overflow (io.2).
c:\users\thele\documents\repos\quake2outlines\quake2max\ref_gl\gl_draw.c(721): warning C6385: Reading invalid data from 'd_8to24table':  the readable size is '1024' bytes, but 'c' bytes may be read.
c:\users\thele\documents\repos\quake2outlines\quake2max\ref_gl\gl_draw.c(782): warning C6262: Function uses '327752' bytes of stack:  exceeds /analyze:stacksize '16384'.  Consider moving some data to heap.
c:\users\thele\documents\repos\quake2outlines\quake2max\ref_gl\gl_image.c(584): warning C6386: Buffer overrun while writing to 'pix':  the writable size is '((pcx->ymax+1))*((pcx->xmax+1))' bytes, but '2' bytes might be written.
c:\users\thele\documents\repos\quake2outlines\quake2max\ref_gl\gl_image.c(734): warning C6011: Dereferencing NULL pointer 'pixbuf'. 
c:\users\thele\documents\repos\quake2outlines\quake2max\ref_gl\gl_image.c(963): warning C6385: Reading invalid data from 'p':  the readable size is 'cinfo.output_width*3' bytes, but '2' bytes may be read.
c:\users\thele\documents\repos\quake2outlines\quake2max\ref_gl\gl_image.c(963): warning C6386: Buffer overrun while writing to 'q':  the writable size is 'cinfo.output_width*cinfo.output_height*4' bytes, but '2' bytes might be written.
c:\users\thele\documents\repos\quake2outlines\quake2max\ref_gl\gl_image.c(1021): warning C6262: Function uses '16432' bytes of stack:  exceeds /analyze:stacksize '16384'.  Consider moving some data to heap.
c:\users\thele\documents\repos\quake2outlines\quake2max\ref_gl\gl_image.c(1075): warning C6262: Function uses '32832' bytes of stack:  exceeds /analyze:stacksize '16384'.  Consider moving some data to heap.
c:\users\thele\documents\repos\quake2outlines\quake2max\ref_gl\gl_image.c(1146): warning C26451: Arithmetic overflow: Using operator '*' on a 4 byte value and then casting the result to a 8 byte value. Cast the value to the wider type before calling operator '*' to avoid overflow (io.2).
c:\users\thele\documents\repos\quake2outlines\quake2max\ref_gl\gl_image.c(1161): warning C26451: Arithmetic overflow: Using operator '*' on a 4 byte value and then casting the result to a 8 byte value. Cast the value to the wider type before calling operator '*' to avoid overflow (io.2).
c:\users\thele\documents\repos\quake2outlines\quake2max\ref_gl\gl_image.c(1361): warning C6262: Function uses '524320' bytes of stack:  exceeds /analyze:stacksize '16384'.  Consider moving some data to heap.
c:\users\thele\documents\repos\quake2outlines\quake2max\ref_gl\gl_image.c(1637): warning C6387: 'pic' could be '0':  this does not adhere to the specification for the function 'memset'. 
c:\users\thele\documents\repos\quake2outlines\quake2max\ref_gl\gl_light.c(1191): warning C26451: Arithmetic overflow: Using operator '+' on a 4 byte value and then casting the result to a 8 byte value. Cast the value to the wider type before calling operator '+' to avoid overflow (io.2).
c:\users\thele\documents\repos\quake2outlines\quake2max\ref_gl\gl_light.c(1191): warning C26451: Arithmetic overflow: Using operator '*' on a 4 byte value and then casting the result to a 8 byte value. Cast the value to the wider type before calling operator '*' to avoid overflow (io.2).
c:\users\thele\documents\repos\quake2outlines\quake2max\ref_gl\gl_mesh.c(547): warning C6001: Using uninitialized memory 'normal'.
c:\users\thele\documents\repos\quake2outlines\quake2max\ref_gl\gl_mesh.c(506): warning C26451: Arithmetic overflow: Using operator '*' on a 4 byte value and then casting the result to a 8 byte value. Cast the value to the wider type before calling operator '*' to avoid overflow (io.2).
c:\users\thele\documents\repos\quake2outlines\quake2max\ref_gl\gl_mesh.c(837): warning C26451: Arithmetic overflow: Using operator '*' on a 4 byte value and then casting the result to a 8 byte value. Cast the value to the wider type before calling operator '*' to avoid overflow (io.2).
c:\users\thele\documents\repos\quake2outlines\quake2max\ref_gl\gl_mesh.c(1003): warning C6262: Function uses '16544' bytes of stack:  exceeds /analyze:stacksize '16384'.  Consider moving some data to heap.
c:\users\thele\documents\repos\quake2outlines\quake2max\ref_gl\gl_mesh.c(1222): warning C26451: Arithmetic overflow: Using operator '+' on a 4 byte value and then casting the result to a 8 byte value. Cast the value to the wider type before calling operator '+' to avoid overflow (io.2).
c:\users\thele\documents\repos\quake2outlines\quake2max\ref_gl\gl_mesh.c(1323): warning C26451: Arithmetic overflow: Using operator '+' on a 4 byte value and then casting the result to a 8 byte value. Cast the value to the wider type before calling operator '+' to avoid overflow (io.2).
c:\users\thele\documents\repos\quake2outlines\quake2max\ref_gl\gl_mesh.c(1824): warning C26451: Arithmetic overflow: Using operator '*' on a 4 byte value and then casting the result to a 8 byte value. Cast the value to the wider type before calling operator '*' to avoid overflow (io.2).
c:\users\thele\documents\repos\quake2outlines\quake2max\ref_gl\gl_mesh.c(2063): warning C26451: Arithmetic overflow: Using operator '-' on a 4 byte value and then casting the result to a 8 byte value. Cast the value to the wider type before calling operator '-' to avoid overflow (io.2).
c:\users\thele\documents\repos\quake2outlines\quake2max\ref_gl\gl_mesh.c(2065): warning C26451: Arithmetic overflow: Using operator '-' on a 4 byte value and then casting the result to a 8 byte value. Cast the value to the wider type before calling operator '-' to avoid overflow (io.2).
c:\users\thele\documents\repos\quake2outlines\quake2max\ref_gl\gl_model.c(68): warning C6386: Buffer overrun while writing to 'map_entitystring':  the writable size is '262144' bytes, but '262145' bytes might be written.
c:\users\thele\documents\repos\quake2outlines\quake2max\ref_gl\gl_model.c(265): warning C6011: Dereferencing NULL pointer 'model'. 
c:\users\thele\documents\repos\quake2outlines\quake2max\ref_gl\gl_model.c(268): warning C28182: Dereferencing NULL pointer. 'node' contains the same NULL value as 'model->nodes' did. 
c:\users\thele\documents\repos\quake2outlines\quake2max\ref_gl\gl_rmain.c(1184): warning C26451: Arithmetic overflow: Using operator '+' on a 4 byte value and then casting the result to a 8 byte value. Cast the value to the wider type before calling operator '+' to avoid overflow (io.2).
c:\users\thele\documents\repos\quake2outlines\quake2max\ref_gl\gl_rmain.c(1184): warning C26451: Arithmetic overflow: Using operator '*' on a 4 byte value and then casting the result to a 8 byte value. Cast the value to the wider type before calling operator '*' to avoid overflow (io.2).
c:\users\thele\documents\repos\quake2outlines\quake2max\ref_gl\gl_rmain.c(1307): warning C26451: Arithmetic overflow: Using operator '*' on a 4 byte value and then casting the result to a 8 byte value. Cast the value to the wider type before calling operator '*' to avoid overflow (io.2).
c:\users\thele\documents\repos\quake2outlines\quake2max\ref_gl\gl_rmain.c(1536): warning C26451: Arithmetic overflow: Using operator '+' on a 4 byte value and then casting the result to a 8 byte value. Cast the value to the wider type before calling operator '+' to avoid overflow (io.2).
c:\users\thele\documents\repos\quake2outlines\quake2max\ref_gl\gl_rmain.c(1538): warning C26451: Arithmetic overflow: Using operator '+' on a 4 byte value and then casting the result to a 8 byte value. Cast the value to the wider type before calling operator '+' to avoid overflow (io.2).
c:\users\thele\documents\repos\quake2outlines\quake2max\ref_gl\gl_rmain.c(1540): warning C26451: Arithmetic overflow: Using operator '+' on a 4 byte value and then casting the result to a 8 byte value. Cast the value to the wider type before calling operator '+' to avoid overflow (io.2).
c:\users\thele\documents\repos\quake2outlines\quake2max\ref_gl\gl_rmain.c(2241): warning C6011: Dereferencing NULL pointer 'r_dynamicimage'. 
c:\users\thele\documents\repos\quake2outlines\quake2max\ref_gl\gl_rmain.c(3270): warning C6031: Return value ignored: 'putenv'.
c:\users\thele\documents\repos\quake2outlines\quake2max\ref_gl\gl_rmain.c(3272): warning C6031: Return value ignored: 'putenv'.
c:\users\thele\documents\repos\quake2outlines\quake2max\ref_gl\gl_rmisc.c(96): warning C6262: Function uses '266504' bytes of stack:  exceeds /analyze:stacksize '16384'.  Consider moving some data to heap.
c:\users\thele\documents\repos\quake2outlines\quake2max\ref_gl\gl_rmisc.c(327): warning C6011: Dereferencing NULL pointer 'buffer'. See line 326 for an earlier location where this can occur
c:\users\thele\documents\repos\quake2outlines\quake2max\ref_gl\gl_rmisc.c(340): warning C6385: Reading invalid data from 'buffer':  the readable size is '_Old_21`18' bytes, but '19' bytes may be read.
c:\users\thele\documents\repos\quake2outlines\quake2max\ref_gl\gl_rmisc.c(346): warning C6387: 'buffer' could be '0':  this does not adhere to the specification for the function 'fwrite'. See line 326 for an earlier location where this can occur
c:\users\thele\documents\repos\quake2outlines\quake2max\ref_gl\gl_rmisc.c(326): warning C6386: Buffer overrun while writing to 'buffer':  the writable size is 'vid.width*vid.height*3+18' bytes, but '18' bytes might be written.
c:\users\thele\documents\repos\quake2outlines\quake2max\ref_gl\gl_rmisc.c(326): warning C6387: 'buffer' could be '0':  this does not adhere to the specification for the function 'memset'. 
c:\users\thele\documents\repos\quake2outlines\quake2max\ref_gl\gl_rsurf.c(1035): warning C6262: Function uses '65584' bytes of stack:  exceeds /analyze:stacksize '16384'.  Consider moving some data to heap.
c:\users\thele\documents\repos\quake2outlines\quake2max\ref_gl\gl_rsurf.c(1164): warning C6001: Using uninitialized memory 'v'.
c:\users\thele\documents\repos\quake2outlines\quake2max\ref_gl\gl_rsurf.c(1959): warning C6387: 'surf->stains' could be '0':  this does not adhere to the specification for the function 'memset'. 
c:\users\thele\documents\repos\quake2outlines\quake2max\ref_gl\gl_rsurf.c(2044): warning C6262: Function uses '65544' bytes of stack:  exceeds /analyze:stacksize '16384'.  Consider moving some data to heap.
c:\users\thele\documents\repos\quake2outlines\quake2max\ref_gl\gl_script.c(58): warning C6011: Dereferencing NULL pointer 'randStage'. 
c:\users\thele\documents\repos\quake2outlines\quake2max\ref_gl\gl_script.c(116): warning C6001: Using uninitialized memory '*stage'.
c:\users\thele\documents\repos\quake2outlines\quake2max\ref_gl\gl_script.c(263): warning C6011: Dereferencing NULL pointer 'rs'. 
c:\users\thele\documents\repos\quake2outlines\quake2max\ref_gl\gl_script.c(300): warning C6011: Dereferencing NULL pointer 'stage'. 
c:\users\thele\documents\repos\quake2outlines\quake2max\ref_gl\gl_script.c(682): warning C6011: Dereferencing NULL pointer 'rand'. 
c:\users\thele\documents\repos\quake2outlines\quake2max\ref_gl\gl_script.c(703): warning C6011: Dereferencing NULL pointer 'anim'. 
c:\users\thele\documents\repos\quake2outlines\quake2max\ref_gl\gl_script.c(938): warning C6387: 'buf' could be '0':  this does not adhere to the specification for the function 'memcpy'. 
c:\users\thele\documents\repos\quake2outlines\quake2max\ref_gl\gl_script.c(939): warning C6011: Dereferencing NULL pointer 'buf'. See line 938 for an earlier location where this can occur
c:\users\thele\documents\repos\quake2outlines\quake2max\ref_gl\gl_script.c(1260): warning C26451: Arithmetic overflow: Using operator '*' on a 4 byte value and then casting the result to a 8 byte value. Cast the value to the wider type before calling operator '*' to avoid overflow (io.2).
c:\users\thele\documents\repos\quake2outlines\quake2max\ref_gl\gl_script.c(1257): warning C26451: Arithmetic overflow: Using operator '*' on a 4 byte value and then casting the result to a 8 byte value. Cast the value to the wider type before calling operator '*' to avoid overflow (io.2).
c:\users\thele\documents\repos\quake2outlines\quake2max\ref_gl\gl_script.c(1278): warning C26451: Arithmetic overflow: Using operator '*' on a 4 byte value and then casting the result to a 8 byte value. Cast the value to the wider type before calling operator '*' to avoid overflow (io.2).
c:\users\thele\documents\repos\quake2outlines\quake2max\ref_gl\gl_script.c(1275): warning C26451: Arithmetic overflow: Using operator '*' on a 4 byte value and then casting the result to a 8 byte value. Cast the value to the wider type before calling operator '*' to avoid overflow (io.2).
c:\users\thele\documents\repos\quake2outlines\quake2max\ref_gl\gl_script.c(1465): warning C26451: Arithmetic overflow: Using operator '*' on a 4 byte value and then casting the result to a 8 byte value. Cast the value to the wider type before calling operator '*' to avoid overflow (io.2).
c:\users\thele\documents\repos\quake2outlines\quake2max\ref_gl\gl_script.c(1492): warning C26451: Arithmetic overflow: Using operator '*' on a 4 byte value and then casting the result to a 8 byte value. Cast the value to the wider type before calling operator '*' to avoid overflow (io.2).
c:\users\thele\documents\repos\quake2outlines\quake2max\ref_gl\gl_script.c(1489): warning C26451: Arithmetic overflow: Using operator '*' on a 4 byte value and then casting the result to a 8 byte value. Cast the value to the wider type before calling operator '*' to avoid overflow (io.2).
c:\users\thele\documents\repos\quake2outlines\quake2max\ref_gl\gl_script.c(1510): warning C26451: Arithmetic overflow: Using operator '*' on a 4 byte value and then casting the result to a 8 byte value. Cast the value to the wider type before calling operator '*' to avoid overflow (io.2).
c:\users\thele\documents\repos\quake2outlines\quake2max\ref_gl\gl_script.c(1507): warning C26451: Arithmetic overflow: Using operator '*' on a 4 byte value and then casting the result to a 8 byte value. Cast the value to the wider type before calling operator '*' to avoid overflow (io.2).
c:\users\thele\documents\repos\quake2outlines\quake2max\ref_gl\gl_script.c(1555): warning C26451: Arithmetic overflow: Using operator '+' on a 4 byte value and then casting the result to a 8 byte value. Cast the value to the wider type before calling operator '+' to avoid overflow (io.2).
c:\users\thele\documents\repos\quake2outlines\quake2max\ref_gl\gl_script.c(1555): warning C26451: Arithmetic overflow: Using operator '+' on a 4 byte value and then casting the result to a 8 byte value. Cast the value to the wider type before calling operator '+' to avoid overflow (io.2).
c:\users\thele\documents\repos\quake2outlines\quake2max\ref_gl\gl_script.c(1555): warning C26451: Arithmetic overflow: Using operator '-' on a 4 byte value and then casting the result to a 8 byte value. Cast the value to the wider type before calling operator '-' to avoid overflow (io.2).
c:\users\thele\documents\repos\quake2outlines\quake2max\ref_gl\gl_script.c(1556): warning C26451: Arithmetic overflow: Using operator '+' on a 4 byte value and then casting the result to a 8 byte value. Cast the value to the wider type before calling operator '+' to avoid overflow (io.2).
c:\users\thele\documents\repos\quake2outlines\quake2max\ref_gl\gl_script.c(1556): warning C26451: Arithmetic overflow: Using operator '-' on a 4 byte value and then casting the result to a 8 byte value. Cast the value to the wider type before calling operator '-' to avoid overflow (io.2).
c:\users\thele\documents\repos\quake2outlines\quake2max\ref_gl\gl_script.c(1556): warning C26451: Arithmetic overflow: Using operator '+' on a 4 byte value and then casting the result to a 8 byte value. Cast the value to the wider type before calling operator '+' to avoid overflow (io.2).
c:\users\thele\documents\repos\quake2outlines\quake2max\ref_gl\gl_script.c(1568): warning C26451: Arithmetic overflow: Using operator '*' on a 4 byte value and then casting the result to a 8 byte value. Cast the value to the wider type before calling operator '*' to avoid overflow (io.2).
c:\users\thele\documents\repos\quake2outlines\quake2max\ref_gl\gl_script.c(1569): warning C26451: Arithmetic overflow: Using operator '*' on a 4 byte value and then casting the result to a 8 byte value. Cast the value to the wider type before calling operator '*' to avoid overflow (io.2).
c:\users\thele\documents\repos\quake2outlines\quake2max\ref_gl\gl_script.c(1616): warning C26451: Arithmetic overflow: Using operator '+' on a 4 byte value and then casting the result to a 8 byte value. Cast the value to the wider type before calling operator '+' to avoid overflow (io.2).
c:\users\thele\documents\repos\quake2outlines\quake2max\ref_gl\gl_script.c(1616): warning C26451: Arithmetic overflow: Using operator '*' on a 4 byte value and then casting the result to a 8 byte value. Cast the value to the wider type before calling operator '*' to avoid overflow (io.2).
c:\users\thele\documents\repos\quake2outlines\quake2max\ref_gl\gl_script.c(1616): warning C26451: Arithmetic overflow: Using operator '+' on a 4 byte value and then casting the result to a 8 byte value. Cast the value to the wider type before calling operator '+' to avoid overflow (io.2).
c:\users\thele\documents\repos\quake2outlines\quake2max\ref_gl\gl_script.c(1616): warning C26451: Arithmetic overflow: Using operator '*' on a 4 byte value and then casting the result to a 8 byte value. Cast the value to the wider type before calling operator '*' to avoid overflow (io.2).
c:\users\thele\documents\repos\quake2outlines\quake2max\ref_gl\gl_script.c(1616): warning C26451: Arithmetic overflow: Using operator '+' on a 4 byte value and then casting the result to a 8 byte value. Cast the value to the wider type before calling operator '+' to avoid overflow (io.2).
c:\users\thele\documents\repos\quake2outlines\quake2max\ref_gl\gl_script.c(1616): warning C26451: Arithmetic overflow: Using operator '*' on a 4 byte value and then casting the result to a 8 byte value. Cast the value to the wider type before calling operator '*' to avoid overflow (io.2).
c:\users\thele\documents\repos\quake2outlines\quake2max\ref_gl\gl_script.c(1637): warning C26451: Arithmetic overflow: Using operator '+' on a 4 byte value and then casting the result to a 8 byte value. Cast the value to the wider type before calling operator '+' to avoid overflow (io.2).
c:\users\thele\documents\repos\quake2outlines\quake2max\ref_gl\gl_script.c(1637): warning C26451: Arithmetic overflow: Using operator '+' on a 4 byte value and then casting the result to a 8 byte value. Cast the value to the wider type before calling operator '+' to avoid overflow (io.2).
c:\users\thele\documents\repos\quake2outlines\quake2max\ref_gl\gl_script.c(1637): warning C26451: Arithmetic overflow: Using operator '-' on a 4 byte value and then casting the result to a 8 byte value. Cast the value to the wider type before calling operator '-' to avoid overflow (io.2).
c:\users\thele\documents\repos\quake2outlines\quake2max\ref_gl\gl_script.c(1638): warning C26451: Arithmetic overflow: Using operator '+' on a 4 byte value and then casting the result to a 8 byte value. Cast the value to the wider type before calling operator '+' to avoid overflow (io.2).
c:\users\thele\documents\repos\quake2outlines\quake2max\ref_gl\gl_script.c(1638): warning C26451: Arithmetic overflow: Using operator '-' on a 4 byte value and then casting the result to a 8 byte value. Cast the value to the wider type before calling operator '-' to avoid overflow (io.2).
c:\users\thele\documents\repos\quake2outlines\quake2max\ref_gl\gl_script.c(1638): warning C26451: Arithmetic overflow: Using operator '+' on a 4 byte value and then casting the result to a 8 byte value. Cast the value to the wider type before calling operator '+' to avoid overflow (io.2).
c:\users\thele\documents\repos\quake2outlines\quake2max\ref_gl\gl_script.c(1650): warning C26451: Arithmetic overflow: Using operator '*' on a 4 byte value and then casting the result to a 8 byte value. Cast the value to the wider type before calling operator '*' to avoid overflow (io.2).
c:\users\thele\documents\repos\quake2outlines\quake2max\ref_gl\gl_script.c(1651): warning C26451: Arithmetic overflow: Using operator '*' on a 4 byte value and then casting the result to a 8 byte value. Cast the value to the wider type before calling operator '*' to avoid overflow (io.2).
c:\users\thele\documents\repos\quake2outlines\quake2max\ref_gl\gl_script.c(1697): warning C26451: Arithmetic overflow: Using operator '+' on a 4 byte value and then casting the result to a 8 byte value. Cast the value to the wider type before calling operator '+' to avoid overflow (io.2).
c:\users\thele\documents\repos\quake2outlines\quake2max\ref_gl\gl_script.c(1697): warning C26451: Arithmetic overflow: Using operator '*' on a 4 byte value and then casting the result to a 8 byte value. Cast the value to the wider type before calling operator '*' to avoid overflow (io.2).
c:\users\thele\documents\repos\quake2outlines\quake2max\ref_gl\gl_script.c(1697): warning C26451: Arithmetic overflow: Using operator '+' on a 4 byte value and then casting the result to a 8 byte value. Cast the value to the wider type before calling operator '+' to avoid overflow (io.2).
c:\users\thele\documents\repos\quake2outlines\quake2max\ref_gl\gl_script.c(1697): warning C26451: Arithmetic overflow: Using operator '*' on a 4 byte value and then casting the result to a 8 byte value. Cast the value to the wider type before calling operator '*' to avoid overflow (io.2).
c:\users\thele\documents\repos\quake2outlines\quake2max\ref_gl\gl_script.c(1697): warning C26451: Arithmetic overflow: Using operator '+' on a 4 byte value and then casting the result to a 8 byte value. Cast the value to the wider type before calling operator '+' to avoid overflow (io.2).
c:\users\thele\documents\repos\quake2outlines\quake2max\ref_gl\gl_script.c(1697): warning C26451: Arithmetic overflow: Using operator '*' on a 4 byte value and then casting the result to a 8 byte value. Cast the value to the wider type before calling operator '*' to avoid overflow (io.2).
c:\users\thele\documents\repos\quake2outlines\quake2max\ref_gl\gl_script.c(1793): warning C26451: Arithmetic overflow: Using operator '*' on a 4 byte value and then casting the result to a 8 byte value. Cast the value to the wider type before calling operator '*' to avoid overflow (io.2).
c:\users\thele\documents\repos\quake2outlines\quake2max\ref_gl\gl_script.c(1813): warning C26451: Arithmetic overflow: Using operator '*' on a 4 byte value and then casting the result to a 8 byte value. Cast the value to the wider type before calling operator '*' to avoid overflow (io.2).
c:\users\thele\documents\repos\quake2outlines\quake2max\ref_gl\gl_script.c(1810): warning C26451: Arithmetic overflow: Using operator '*' on a 4 byte value and then casting the result to a 8 byte value. Cast the value to the wider type before calling operator '*' to avoid overflow (io.2).
c:\users\thele\documents\repos\quake2outlines\quake2max\ref_gl\gl_script.c(1831): warning C26451: Arithmetic overflow: Using operator '*' on a 4 byte value and then casting the result to a 8 byte value. Cast the value to the wider type before calling operator '*' to avoid overflow (io.2).
c:\users\thele\documents\repos\quake2outlines\quake2max\ref_gl\gl_script.c(1828): warning C26451: Arithmetic overflow: Using operator '*' on a 4 byte value and then casting the result to a 8 byte value. Cast the value to the wider type before calling operator '*' to avoid overflow (io.2).
c:\users\thele\documents\repos\quake2outlines\quake2max\ref_gl\gl_script.c(1864): warning C26451: Arithmetic overflow: Using operator '+' on a 4 byte value and then casting the result to a 8 byte value. Cast the value to the wider type before calling operator '+' to avoid overflow (io.2).
c:\users\thele\documents\repos\quake2outlines\quake2max\ref_gl\gl_script.c(1864): warning C26451: Arithmetic overflow: Using operator '+' on a 4 byte value and then casting the result to a 8 byte value. Cast the value to the wider type before calling operator '+' to avoid overflow (io.2).
c:\users\thele\documents\repos\quake2outlines\quake2max\ref_gl\gl_script.c(1864): warning C26451: Arithmetic overflow: Using operator '-' on a 4 byte value and then casting the result to a 8 byte value. Cast the value to the wider type before calling operator '-' to avoid overflow (io.2).
c:\users\thele\documents\repos\quake2outlines\quake2max\ref_gl\gl_script.c(1865): warning C26451: Arithmetic overflow: Using operator '+' on a 4 byte value and then casting the result to a 8 byte value. Cast the value to the wider type before calling operator '+' to avoid overflow (io.2).
c:\users\thele\documents\repos\quake2outlines\quake2max\ref_gl\gl_script.c(1865): warning C26451: Arithmetic overflow: Using operator '-' on a 4 byte value and then casting the result to a 8 byte value. Cast the value to the wider type before calling operator '-' to avoid overflow (io.2).
c:\users\thele\documents\repos\quake2outlines\quake2max\ref_gl\gl_script.c(1865): warning C26451: Arithmetic overflow: Using operator '+' on a 4 byte value and then casting the result to a 8 byte value. Cast the value to the wider type before calling operator '+' to avoid overflow (io.2).
c:\users\thele\documents\repos\quake2outlines\quake2max\ref_gl\gl_script.c(1877): warning C26451: Arithmetic overflow: Using operator '*' on a 4 byte value and then casting the result to a 8 byte value. Cast the value to the wider type before calling operator '*' to avoid overflow (io.2).
c:\users\thele\documents\repos\quake2outlines\quake2max\ref_gl\gl_script.c(1878): warning C26451: Arithmetic overflow: Using operator '*' on a 4 byte value and then casting the result to a 8 byte value. Cast the value to the wider type before calling operator '*' to avoid overflow (io.2).
c:\users\thele\documents\repos\quake2outlines\quake2max\ref_gl\gl_script.c(1917): warning C26451: Arithmetic overflow: Using operator '+' on a 4 byte value and then casting the result to a 8 byte value. Cast the value to the wider type before calling operator '+' to avoid overflow (io.2).
c:\users\thele\documents\repos\quake2outlines\quake2max\ref_gl\gl_script.c(1917): warning C26451: Arithmetic overflow: Using operator '*' on a 4 byte value and then casting the result to a 8 byte value. Cast the value to the wider type before calling operator '*' to avoid overflow (io.2).
c:\users\thele\documents\repos\quake2outlines\quake2max\ref_gl\gl_script.c(1917): warning C26451: Arithmetic overflow: Using operator '+' on a 4 byte value and then casting the result to a 8 byte value. Cast the value to the wider type before calling operator '+' to avoid overflow (io.2).
c:\users\thele\documents\repos\quake2outlines\quake2max\ref_gl\gl_script.c(1917): warning C26451: Arithmetic overflow: Using operator '*' on a 4 byte value and then casting the result to a 8 byte value. Cast the value to the wider type before calling operator '*' to avoid overflow (io.2).
c:\users\thele\documents\repos\quake2outlines\quake2max\ref_gl\gl_script.c(1917): warning C26451: Arithmetic overflow: Using operator '+' on a 4 byte value and then casting the result to a 8 byte value. Cast the value to the wider type before calling operator '+' to avoid overflow (io.2).
c:\users\thele\documents\repos\quake2outlines\quake2max\ref_gl\gl_script.c(1917): warning C26451: Arithmetic overflow: Using operator '*' on a 4 byte value and then casting the result to a 8 byte value. Cast the value to the wider type before calling operator '*' to avoid overflow (io.2).
c:\users\thele\documents\repos\quake2outlines\quake2max\ref_gl\gl_script.c(1938): warning C26451: Arithmetic overflow: Using operator '+' on a 4 byte value and then casting the result to a 8 byte value. Cast the value to the wider type before calling operator '+' to avoid overflow (io.2).
c:\users\thele\documents\repos\quake2outlines\quake2max\ref_gl\gl_script.c(1938): warning C26451: Arithmetic overflow: Using operator '+' on a 4 byte value and then casting the result to a 8 byte value. Cast the value to the wider type before calling operator '+' to avoid overflow (io.2).
c:\users\thele\documents\repos\quake2outlines\quake2max\ref_gl\gl_script.c(1938): warning C26451: Arithmetic overflow: Using operator '-' on a 4 byte value and then casting the result to a 8 byte value. Cast the value to the wider type before calling operator '-' to avoid overflow (io.2).
c:\users\thele\documents\repos\quake2outlines\quake2max\ref_gl\gl_script.c(1939): warning C26451: Arithmetic overflow: Using operator '+' on a 4 byte value and then casting the result to a 8 byte value. Cast the value to the wider type before calling operator '+' to avoid overflow (io.2).
c:\users\thele\documents\repos\quake2outlines\quake2max\ref_gl\gl_script.c(1939): warning C26451: Arithmetic overflow: Using operator '-' on a 4 byte value and then casting the result to a 8 byte value. Cast the value to the wider type before calling operator '-' to avoid overflow (io.2).
c:\users\thele\documents\repos\quake2outlines\quake2max\ref_gl\gl_script.c(1939): warning C26451: Arithmetic overflow: Using operator '+' on a 4 byte value and then casting the result to a 8 byte value. Cast the value to the wider type before calling operator '+' to avoid overflow (io.2).
c:\users\thele\documents\repos\quake2outlines\quake2max\ref_gl\gl_script.c(1951): warning C26451: Arithmetic overflow: Using operator '*' on a 4 byte value and then casting the result to a 8 byte value. Cast the value to the wider type before calling operator '*' to avoid overflow (io.2).
c:\users\thele\documents\repos\quake2outlines\quake2max\ref_gl\gl_script.c(1952): warning C26451: Arithmetic overflow: Using operator '*' on a 4 byte value and then casting the result to a 8 byte value. Cast the value to the wider type before calling operator '*' to avoid overflow (io.2).
c:\users\thele\documents\repos\quake2outlines\quake2max\ref_gl\gl_script.c(1991): warning C26451: Arithmetic overflow: Using operator '+' on a 4 byte value and then casting the result to a 8 byte value. Cast the value to the wider type before calling operator '+' to avoid overflow (io.2).
c:\users\thele\documents\repos\quake2outlines\quake2max\ref_gl\gl_script.c(1991): warning C26451: Arithmetic overflow: Using operator '*' on a 4 byte value and then casting the result to a 8 byte value. Cast the value to the wider type before calling operator '*' to avoid overflow (io.2).
c:\users\thele\documents\repos\quake2outlines\quake2max\ref_gl\gl_script.c(1991): warning C26451: Arithmetic overflow: Using operator '+' on a 4 byte value and then casting the result to a 8 byte value. Cast the value to the wider type before calling operator '+' to avoid overflow (io.2).
c:\users\thele\documents\repos\quake2outlines\quake2max\ref_gl\gl_script.c(1991): warning C26451: Arithmetic overflow: Using operator '*' on a 4 byte value and then casting the result to a 8 byte value. Cast the value to the wider type before calling operator '*' to avoid overflow (io.2).
c:\users\thele\documents\repos\quake2outlines\quake2max\ref_gl\gl_script.c(1991): warning C26451: Arithmetic overflow: Using operator '+' on a 4 byte value and then casting the result to a 8 byte value. Cast the value to the wider type before calling operator '+' to avoid overflow (io.2).
c:\users\thele\documents\repos\quake2outlines\quake2max\ref_gl\gl_script.c(1991): warning C26451: Arithmetic overflow: Using operator '*' on a 4 byte value and then casting the result to a 8 byte value. Cast the value to the wider type before calling operator '*' to avoid overflow (io.2).
c:\users\thele\documents\repos\quake2outlines\quake2max\ref_gl\gl_vlights.c(84): warning C26451: Arithmetic overflow: Using operator '+' on a 4 byte value and then casting the result to a 8 byte value. Cast the value to the wider type before calling operator '+' to avoid overflow (io.2).
c:\users\thele\documents\repos\quake2outlines\quake2max\ref_gl\gl_vlights.c(84): warning C26451: Arithmetic overflow: Using operator '*' on a 4 byte value and then casting the result to a 8 byte value. Cast the value to the wider type before calling operator '*' to avoid overflow (io.2).
c:\users\thele\documents\repos\quake2outlines\quake2max\ref_gl\gl_warp.c(91): warning C6001: Using uninitialized memory 'dist'.
c:\users\thele\documents\repos\quake2outlines\quake2max\ref_gl\gl_warp.c(310): warning C26451: Arithmetic overflow: Using operator '+' on a 4 byte value and then casting the result to a 8 byte value. Cast the value to the wider type before calling operator '+' to avoid overflow (io.2).
c:\users\thele\documents\repos\quake2outlines\quake2max\ref_gl\gl_warp.c(314): warning C26451: Arithmetic overflow: Using operator '+' on a 4 byte value and then casting the result to a 8 byte value. Cast the value to the wider type before calling operator '+' to avoid overflow (io.2).
c:\users\thele\documents\repos\quake2outlines\quake2max\ref_gl\gl_warp.c(762): warning C26451: Arithmetic overflow: Using operator '*' on a 4 byte value and then casting the result to a 8 byte value. Cast the value to the wider type before calling operator '*' to avoid overflow (io.2).
c:\users\thele\documents\repos\quake2outlines\quake2max\ref_gl\gl_warp.c(908): warning C6001: Using uninitialized memory 'dist'.
c:\users\thele\documents\repos\quake2outlines\quake2max\ref_gl\r_bloom.c(134): warning C6387: 'data' could be '0':  this does not adhere to the specification for the function 'memset'. 
c:\users\thele\documents\repos\quake2outlines\quake2max\ref_gl\r_bloom.c(176): warning C6387: 'data' could be '0':  this does not adhere to the specification for the function 'memset'. 
c:\users\thele\documents\repos\quake2outlines\quake2max\ref_gl\r_bloom.c(223): warning C6387: 'data' could be '0':  this does not adhere to the specification for the function 'memset'. 
c:\users\thele\documents\repos\quake2outlines\quake2max\ref_gl\sul_png.c(64): warning C6386: Buffer overrun while writing to 'cvaluep':  the writable size is 'sizeof(void *)*my_png->Height' bytes, but '8' bytes might be written.
c:\users\thele\documents\repos\quake2outlines\quake2max\ref_gl\sul_png.c(73): warning C6011: Dereferencing NULL pointer 'my_png'. 
